<?xml version="1.0" encoding="UTF-8"?>
<!-- Generated by org.testng.reporters.JUnitXMLReporter -->
<testsuite hostname="HCM-CA-00014" ignored="0" tests="0" failures="0" timestamp="01 Jun 2018 10:19:32 GMT" time="0.01" errors="0">
</testsuite>
