<?xml version="1.0" encoding="UTF-8"?>
<!-- Generated by org.testng.reporters.JUnitReportReporter -->
<testsuite skipped="0" hostname="LENOVO-PC" name="Instagram_demo.Instagram_demo.Instagram" tests="2" failures="0" timestamp="02 Jul 2018 15:31:16 GMT" time="404.437" errors="0">
  <testcase name="TC1_postNews" time="208.964" classname="Instagram_demo.Instagram_demo.Instagram"/>
  <testcase name="TC1_LikeNews" time="195.473" classname="Instagram_demo.Instagram_demo.Instagram"/>
</testsuite> <!-- Instagram_demo.Instagram_demo.Instagram -->
