<?xml version="1.0" encoding="UTF-8"?>
<!-- Generated by org.testng.reporters.JUnitReportReporter -->
<testsuite skipped="0" hostname="HCM-CA-00014" name="test.NewTest" tests="1" failures="0" timestamp="01 Jun 2018 10:32:25 GMT" time="0.019" errors="0">
  <testcase name="f" time="0.019" classname="test.NewTest"/>
</testsuite> <!-- test.NewTest -->
