<?xml version="1.0" encoding="UTF-8"?>
<!-- Generated by org.testng.reporters.JUnitReportReporter -->
<testsuite skipped="0" hostname="HCM-CA-00014" name="Instagram_demo.Instagram_demo.InstagramDemo" tests="1" failures="0" timestamp="01 Jun 2018 10:35:54 GMT" time="0.453" errors="0">
  <testcase name="faaaa" time="0.453" classname="Instagram_demo.Instagram_demo.InstagramDemo"/>
</testsuite> <!-- Instagram_demo.Instagram_demo.InstagramDemo -->
